SF:lib\featues\signin\data\data_sources\local\login_local_data_source_impl.dart
DA:11,1
DA:14,1
DA:16,1
DA:18,4
DA:19,1
DA:22,1
DA:23,1
LF:7
LH:7
end_of_record
SF:lib\featues\signin\data\data_sources\local\models\user_local.dart
DA:11,6
LF:1
LH:1
end_of_record
SF:lib\featues\signin\data\data_sources\local\models\user_local.g.dart
DA:13,0
DA:15,0
DA:16,0
DA:17,0
DA:19,0
DA:20,0
DA:21,0
DA:25,0
DA:28,0
DA:29,0
DA:30,0
DA:31,0
DA:32,0
DA:35,0
DA:36,0
DA:38,0
DA:41,0
DA:42,0
DA:43,0
LF:19
LH:0
end_of_record
SF:lib\core\helper\local\shared_preferences_helper.dart
DA:8,0
DA:10,0
DA:11,0
DA:12,0
DA:13,0
DA:15,0
DA:16,0
DA:18,0
DA:19,0
DA:21,0
DA:22,0
DA:30,0
DA:31,0
DA:34,0
DA:35,0
DA:38,0
DA:39,0
DA:40,0
DA:41,0
DA:42,0
DA:43,0
DA:46,0
DA:49,0
DA:50,0
DA:53,0
DA:54,0
DA:57,0
DA:58,0
DA:61,0
DA:62,0
DA:65,0
DA:66,0
DA:69,0
DA:70,0
LF:34
LH:0
end_of_record
SF:lib\core\networking\api_service.g.dart
DA:12,0
DA:17,0
DA:26,0
DA:28,0
DA:29,0
DA:30,0
DA:31,0
DA:32,0
DA:33,0
DA:38,0
DA:39,0
DA:44,0
DA:45,0
DA:46,0
DA:47,0
DA:49,0
DA:52,0
DA:54,0
DA:60,0
DA:63,0
DA:64,0
DA:65,0
DA:66,0
DA:67,0
DA:68,0
DA:73,0
DA:74,0
DA:79,0
DA:80,0
DA:81,0
DA:82,0
DA:84,0
DA:87,0
DA:89,0
DA:95,0
DA:96,0
DA:97,0
DA:98,0
DA:99,0
DA:100,0
DA:102,0
DA:108,0
DA:112,0
DA:116,0
DA:118,0
DA:119,0
DA:122,0
LF:47
LH:0
end_of_record
SF:lib\core\services\hive_service.dart
DA:8,0
DA:10,0
DA:11,0
DA:13,0
DA:15,0
DA:18,0
DA:19,0
DA:20,0
DA:22,0
DA:25,0
DA:26,0
DA:27,0
DA:29,0
DA:32,0
DA:34,0
DA:35,0
DA:38,0
DA:40,0
DA:41,0
DA:44,0
DA:45,0
DA:46,0
DA:48,0
DA:49,0
DA:52,0
DA:53,0
DA:54,0
DA:56,0
DA:57,0
DA:58,0
DA:62,0
DA:63,0
DA:64,0
DA:65,0
DA:68,0
DA:69,0
LF:36
LH:0
end_of_record
SF:lib\featues\register\domain\usecases\register_usecase.dart
DA:7,2
DA:9,2
DA:16,2
DA:18,4
LF:4
LH:4
end_of_record
SF:lib\featues\signin\domain\usecases\login_use_case.dart
DA:10,2
DA:13,2
DA:14,2
DA:16,4
LF:4
LH:4
end_of_record
SF:lib\featues\splash\domain\use_case\check_user_connection_use_case.dart
DA:8,3
DA:10,3
DA:11,3
DA:13,6
LF:4
LH:4
end_of_record
SF:lib\clean_arch_app.dart
DA:10,3
DA:12,3
DA:14,6
DA:16,3
DA:17,3
DA:19,3
DA:21,3
LF:7
LH:7
end_of_record
SF:lib\core\helper\routing\app_router.dart
DA:10,9
DA:11,0
DA:13,0
DA:14,0
DA:17,0
DA:19,0
DA:22,0
DA:24,0
DA:27,0
DA:29,0
DA:33,0
DA:34,0
LF:12
LH:1
end_of_record
SF:lib\core\base\base_local_data_source.dart
DA:9,5
DA:11,2
DA:13,4
DA:14,4
DA:16,0
DA:20,0
DA:22,0
DA:24,0
DA:29,2
DA:30,4
DA:33,0
DA:34,0
LF:12
LH:6
end_of_record
SF:lib\core\base\base_providers.dart
DA:12,0
DA:15,0
DA:18,0
DA:19,0
DA:22,6
DA:25,0
DA:26,0
DA:27,0
DA:30,8
DA:31,2
DA:34,0
DA:37,0
DA:38,0
DA:40,0
DA:43,0
DA:44,0
DA:47,0
DA:48,0
DA:50,0
DA:53,0
DA:56,0
DA:57,0
LF:22
LH:3
end_of_record
SF:lib\core\base\base_remote_data_source.dart
DA:8,2
DA:10,2
DA:12,2
DA:13,2
DA:15,6
DA:16,4
LF:6
LH:6
end_of_record
SF:lib\core\networking\dio_factory.dart
DA:6,0
DA:9,0
DA:10,0
DA:12,0
DA:13,0
DA:15,0
DA:16,0
DA:18,0
DA:19,0
DA:26,0
DA:27,0
DA:30,0
DA:31,0
DA:32,0
LF:14
LH:0
end_of_record
SF:lib\core\networking\api_error_handler.dart
DA:57,0
DA:58,0
DA:59,0
DA:60,0
DA:61,12
DA:62,0
DA:63,0
DA:67,10
DA:70,4
DA:71,4
DA:73,8
DA:76,0
DA:81,4
DA:82,4
DA:83,4
DA:84,0
DA:85,4
DA:86,0
DA:87,4
DA:88,0
DA:89,4
DA:90,4
DA:91,8
DA:92,8
DA:93,12
DA:95,0
DA:97,0
DA:98,0
DA:99,0
DA:100,0
DA:101,0
DA:103,0
DA:105,0
DA:106,0
DA:107,0
DA:108,0
DA:109,0
DA:110,0
DA:115,0
DA:117,0
DA:118,0
DA:122,0
DA:123,0
DA:127,0
DA:128,0
DA:132,0
DA:133,0
DA:137,0
DA:138,0
DA:142,0
DA:143,0
DA:147,0
DA:148,0
DA:150,0
DA:152,0
DA:153,0
DA:155,0
DA:157,0
DA:158,0
DA:160,0
DA:162,0
DA:163,0
DA:165,0
DA:167,0
DA:168,0
DA:170,0
DA:172,0
DA:173,0
DA:175,0
DA:177,0
DA:178,0
DA:180,0
LF:72
LH:15
end_of_record
SF:lib\core\helper\extensions.dart
DA:6,8
DA:11,0
DA:16,0
DA:20,0
DA:25,0
DA:27,0
DA:31,3
DA:36,3
DA:38,3
DA:42,6
DA:46,2
DA:49,2
DA:56,2
DA:57,2
DA:59,2
DA:61,2
LF:16
LH:11
end_of_record
SF:lib\core\helper\failure_model.dart
DA:5,6
LF:1
LH:1
end_of_record
SF:lib\featues\register\presentation\register_screen.dart
DA:20,1
DA:22,1
DA:23,1
DA:36,1
DA:38,2
DA:39,2
DA:40,2
DA:41,2
DA:42,2
DA:43,1
DA:46,1
DA:48,1
DA:49,1
DA:50,1
DA:51,2
DA:53,1
DA:54,1
DA:55,1
DA:56,1
DA:58,1
DA:60,2
DA:61,1
DA:63,1
DA:65,2
DA:66,1
DA:67,1
DA:68,1
DA:69,1
DA:70,1
DA:71,1
DA:72,1
DA:74,2
DA:75,1
DA:76,2
DA:77,1
DA:78,1
DA:79,2
DA:80,2
DA:81,2
DA:82,1
DA:85,1
DA:86,1
DA:87,1
DA:92,2
DA:93,1
DA:94,2
DA:95,1
DA:96,2
DA:97,1
DA:98,2
DA:99,1
DA:101,0
DA:102,0
DA:114,1
DA:115,1
DA:117,4
DA:119,1
DA:120,6
DA:122,3
DA:125,3
DA:126,1
DA:127,2
DA:128,2
DA:129,2
DA:130,1
DA:131,2
LF:66
LH:64
end_of_record
SF:lib\featues\signin\presentation\sign_in_screen.dart
DA:20,1
DA:22,1
DA:23,1
DA:34,1
DA:36,2
DA:37,2
DA:38,1
DA:41,1
DA:43,1
DA:44,1
DA:45,1
DA:46,2
DA:47,1
DA:48,1
DA:50,1
DA:51,2
DA:52,2
DA:53,1
DA:55,1
DA:57,2
DA:58,1
DA:59,1
DA:60,1
DA:61,1
DA:63,2
DA:64,1
DA:65,1
DA:66,0
DA:67,0
DA:68,0
DA:71,0
DA:75,2
DA:76,1
DA:77,1
DA:78,2
DA:79,1
DA:81,1
DA:82,1
DA:83,1
DA:89,2
DA:90,1
DA:91,2
DA:92,1
DA:93,2
DA:94,1
DA:95,2
DA:96,1
DA:98,0
DA:99,0
DA:111,1
DA:112,1
DA:113,3
DA:114,1
DA:116,3
DA:117,5
DA:121,0
DA:122,0
DA:124,0
DA:125,0
DA:126,0
DA:127,0
DA:128,0
DA:129,0
DA:130,0
LF:64
LH:49
end_of_record
SF:lib\featues\splash\presentation\splash_screeen.dart
DA:9,1
DA:11,1
DA:13,3
DA:14,1
DA:15,1
DA:17,1
DA:18,1
DA:21,1
DA:22,1
DA:25,0
DA:28,3
LF:11
LH:10
end_of_record
SF:lib\core\helper\spacing.dart
DA:3,4
DA:4,4
LF:2
LH:2
end_of_record
SF:lib\core\networking\api_error_model.dart
DA:12,12
DA:14,4
DA:15,4
DA:16,4
DA:17,4
DA:19,8
DA:20,0
DA:21,4
DA:24,0
DA:26,3
DA:27,3
DA:28,0
DA:29,0
DA:30,0
DA:33,3
LF:15
LH:10
end_of_record
SF:lib\core\networking\api_error_model.g.dart
DA:9,0
DA:10,0
DA:11,0
DA:12,0
DA:13,0
DA:16,0
DA:17,0
DA:18,0
DA:19,0
DA:20,0
LF:10
LH:0
end_of_record
SF:lib\featues\register\data\data_source\remote\models\register_request_body.dart
DA:17,4
DA:26,0
LF:2
LH:1
end_of_record
SF:lib\featues\register\data\data_source\remote\models\register_request_body.g.dart
DA:9,0
DA:10,0
DA:11,0
DA:12,0
DA:13,0
DA:14,0
DA:15,0
DA:16,0
DA:19,0
DA:21,0
DA:22,0
DA:23,0
DA:24,0
DA:25,0
DA:26,0
DA:27,0
LF:16
LH:0
end_of_record
SF:lib\featues\register\data\data_source\remote\models\register_response.dart
DA:14,6
DA:15,0
DA:16,0
LF:3
LH:1
end_of_record
SF:lib\featues\register\data\data_source\remote\models\register_response.g.dart
DA:9,0
DA:10,0
DA:11,0
DA:12,0
DA:13,0
DA:14,0
DA:16,0
DA:19,0
DA:20,0
DA:21,0
DA:22,0
DA:23,0
DA:24,0
LF:13
LH:0
end_of_record
SF:lib\featues\signin\data\data_sources\remote\models\login_request_body.dart
DA:9,1
DA:10,0
LF:2
LH:1
end_of_record
SF:lib\featues\signin\data\data_sources\remote\models\login_request_body.g.dart
DA:9,0
DA:10,0
DA:11,0
DA:12,0
DA:15,0
DA:16,0
DA:17,0
DA:18,0
LF:8
LH:0
end_of_record
SF:lib\featues\signin\data\data_sources\remote\models\login_response.dart
DA:13,6
DA:14,0
DA:15,0
LF:3
LH:1
end_of_record
SF:lib\featues\signin\data\data_sources\remote\models\login_response.g.dart
DA:9,0
DA:10,0
DA:11,0
DA:12,0
DA:13,0
DA:14,0
DA:16,0
DA:19,0
DA:20,0
DA:21,0
DA:22,0
DA:23,0
DA:24,0
LF:13
LH:0
end_of_record
SF:lib\core\theming\app_dimensions.dart
DA:5,0
DA:6,0
DA:7,0
DA:8,0
DA:9,0
DA:10,3
DA:11,6
DA:12,6
DA:13,6
DA:14,6
DA:15,6
DA:16,3
DA:17,6
DA:18,6
DA:22,6
DA:23,0
DA:24,0
DA:25,0
DA:26,0
DA:27,0
DA:28,0
DA:29,6
DA:30,6
DA:31,6
DA:32,6
DA:36,0
DA:37,0
DA:38,6
DA:39,0
DA:40,0
DA:41,0
DA:42,0
DA:43,0
DA:44,3
DA:45,3
DA:46,0
DA:47,0
DA:48,0
DA:49,0
DA:50,0
DA:51,0
DA:52,0
DA:53,0
DA:54,0
DA:55,0
DA:56,0
DA:59,0
DA:60,0
DA:61,0
DA:62,6
DA:63,0
DA:64,6
DA:68,0
DA:69,6
DA:70,0
LF:55
LH:20
end_of_record
SF:lib\core\theming\text_styles.dart
DA:7,6
DA:9,2
DA:13,6
DA:15,2
DA:19,6
DA:20,2
DA:24,6
DA:25,2
DA:29,3
DA:30,1
DA:35,6
DA:36,2
DA:40,6
DA:41,2
DA:45,6
DA:46,2
LF:16
LH:16
end_of_record
SF:lib\core\widgets\app_text_button.dart
DA:16,2
DA:29,2
DA:31,2
DA:32,2
DA:33,2
DA:34,2
DA:35,4
DA:36,4
DA:39,2
DA:40,2
DA:41,2
DA:42,4
DA:45,2
DA:46,2
DA:48,2
DA:49,2
DA:50,2
DA:51,4
DA:57,2
DA:58,6
LF:20
LH:20
end_of_record
SF:lib\core\widgets\app_text_form_field.dart
DA:20,2
DA:37,2
DA:39,2
DA:40,2
DA:41,4
DA:42,2
DA:43,2
DA:44,2
DA:45,2
DA:46,2
DA:47,2
DA:48,2
DA:49,2
DA:51,2
DA:54,2
DA:55,4
DA:56,2
DA:58,2
DA:59,2
DA:60,2
DA:62,2
DA:64,4
DA:67,2
DA:68,2
DA:69,2
DA:71,2
DA:73,4
DA:76,2
DA:77,2
DA:78,2
DA:80,2
DA:82,4
LF:32
LH:32
end_of_record
SF:lib\core\widgets\divider_with_text.dart
DA:7,2
DA:9,2
DA:11,2
DA:12,2
DA:13,2
DA:14,2
DA:15,2
DA:16,2
DA:17,2
DA:20,6
DA:21,2
DA:22,2
DA:23,2
DA:24,2
DA:25,2
LF:15
LH:15
end_of_record
SF:lib\core\widgets\error_dialog.dart
DA:8,2
DA:10,2
DA:12,2
DA:15,6
DA:16,2
DA:17,2
DA:18,2
DA:19,2
DA:21,2
DA:27,2
DA:28,6
LF:11
LH:11
end_of_record
SF:lib\core\widgets\loading_indicator.dart
DA:7,20
DA:9,0
DA:16,2
DA:17,2
DA:20,0
DA:24,2
DA:25,2
LF:7
LH:5
end_of_record
SF:lib\core\widgets\span_register_login_row.dart
DA:10,2
DA:16,2
DA:19,2
DA:21,2
DA:22,2
DA:23,2
DA:24,2
DA:25,2
DA:29,2
DA:30,2
DA:31,2
DA:32,2
DA:33,2
DA:34,2
DA:35,2
LF:15
LH:15
end_of_record
SF:lib\core\widgets\terms_and_conditions.dart
DA:6,2
DA:8,2
DA:10,2
DA:11,2
DA:13,2
DA:14,2
DA:15,2
DA:16,2
DA:17,2
DA:19,2
DA:21,2
DA:22,2
DA:24,2
LF:13
LH:13
end_of_record
SF:lib\featues\register\data\data_source\local\register_local_datasource_impl.dart
DA:9,1
DA:11,1
DA:13,4
DA:14,1
DA:17,1
DA:18,1
LF:6
LH:6
end_of_record
SF:lib\featues\signin\data\data_sources\remote\models\user_data.dart
DA:15,9
DA:17,0
DA:18,0
LF:3
LH:1
end_of_record
SF:lib\featues\signin\data\data_sources\remote\models\user_data.g.dart
DA:9,0
DA:10,0
DA:11,0
DA:14,0
DA:15,0
DA:16,0
LF:6
LH:0
end_of_record
SF:lib\featues\register\data\data_source\remote\register_remote_data_source_impl.dart
DA:9,1
DA:11,1
DA:15,2
DA:16,2
LF:4
LH:4
end_of_record
SF:lib\featues\register\data\providers\register_data_providers.dart
DA:10,6
DA:13,0
DA:14,0
DA:16,0
DA:19,6
DA:22,0
DA:24,0
DA:27,7
DA:30,3
DA:31,3
DA:33,1
LF:11
LH:6
end_of_record
SF:lib\featues\register\data\repository\register_repository_implementation.dart
DA:14,2
DA:18,2
DA:27,2
DA:29,4
DA:30,4
DA:31,2
DA:34,2
DA:35,2
DA:36,2
DA:39,6
DA:40,4
DA:42,0
DA:45,2
DA:46,2
DA:50,2
LF:15
LH:14
end_of_record
SF:lib\featues\signin\data\data_sources\mappers\user_data_mapper.dart
DA:6,4
DA:7,12
DA:10,4
DA:11,12
LF:4
LH:4
end_of_record
SF:lib\featues\signin\domain\entities\user.dart
DA:4,10
LF:1
LH:1
end_of_record
SF:lib\featues\register\domain\providers\register_domain_providers.dart
DA:5,10
DA:6,3
DA:8,1
LF:3
LH:3
end_of_record
SF:lib\featues\register\presentation\providers\genderProvider.dart
DA:4,4
LF:1
LH:1
end_of_record
SF:lib\featues\register\presentation\providers\register_notifier.dart
DA:10,3
DA:12,15
DA:16,3
DA:23,3
DA:24,6
DA:25,6
DA:32,6
DA:34,3
DA:35,3
DA:36,6
DA:38,3
DA:39,6
DA:41,9
DA:47,9
DA:48,6
LF:15
LH:15
end_of_record
SF:lib\featues\register\presentation\widgets\gender_widget.dart
DA:9,1
DA:11,1
DA:13,1
DA:14,1
DA:15,2
DA:17,1
DA:19,1
DA:20,2
DA:21,1
DA:22,3
DA:23,1
DA:24,1
DA:25,1
DA:26,1
DA:34,1
DA:39,1
DA:40,3
DA:41,1
DA:42,1
DA:43,1
DA:44,4
LF:21
LH:21
end_of_record
SF:lib\featues\register\presentation\widgets\register_form.dart
DA:17,1
DA:27,1
DA:28,1
DA:34,1
DA:36,1
DA:37,2
DA:38,1
DA:39,1
DA:40,1
DA:44,1
DA:45,3
DA:49,2
DA:51,2
DA:52,1
DA:56,1
DA:57,1
DA:59,2
DA:61,2
DA:62,1
DA:66,1
DA:67,3
DA:71,2
DA:73,2
DA:74,1
DA:77,1
DA:79,1
DA:80,1
DA:81,2
DA:85,1
DA:86,0
DA:87,0
DA:88,0
DA:91,1
DA:92,1
DA:95,2
DA:97,2
DA:98,1
DA:101,1
DA:103,1
DA:104,4
DA:109,2
LF:41
LH:38
end_of_record
SF:lib\featues\register\presentation\widgets\register_state_listener.dart
DA:11,20
DA:13,1
DA:15,3
DA:16,1
DA:17,1
DA:18,1
DA:20,1
DA:22,1
DA:23,1
DA:26,1
DA:27,1
DA:28,2
DA:32,1
LF:13
LH:13
end_of_record
SF:lib\featues\signin\presentation\widgets\social_login_row.dart
DA:9,2
DA:11,2
DA:13,2
DA:15,2
DA:16,2
DA:17,4
DA:18,2
DA:19,4
DA:20,2
DA:25,2
DA:26,2
DA:28,2
DA:29,2
DA:31,2
DA:32,2
LF:15
LH:15
end_of_record
SF:lib\featues\signin\data\data_sources\remote\login_remote_data_source_impl.dart
DA:10,1
DA:11,1
DA:13,1
DA:15,2
DA:16,2
DA:17,1
LF:6
LH:6
end_of_record
SF:lib\featues\signin\data\providers\login_data_provider.dart
DA:10,6
DA:13,0
DA:14,0
DA:15,0
DA:18,6
DA:21,0
DA:22,0
DA:25,7
DA:26,3
DA:27,3
DA:29,1
LF:11
LH:6
end_of_record
SF:lib\featues\signin\data\repository\login_repository_implementation.dart
DA:13,2
DA:17,2
DA:20,2
DA:22,4
DA:24,2
DA:25,2
DA:26,2
DA:28,6
DA:30,4
DA:32,0
DA:35,2
DA:36,2
DA:40,2
LF:13
LH:12
end_of_record
SF:lib\featues\signin\domain\providers\login_use_case_provider.dart
DA:5,10
DA:6,3
DA:7,1
LF:3
LH:3
end_of_record
SF:lib\featues\signin\presentation\providers\login_notifier.dart
DA:12,3
DA:14,15
DA:18,3
DA:19,3
DA:21,6
DA:23,6
DA:25,3
DA:26,3
DA:27,6
DA:29,3
DA:30,6
DA:31,6
DA:32,3
DA:39,12
DA:40,3
LF:15
LH:15
end_of_record
SF:lib\featues\signin\presentation\widgets\login_form.dart
DA:13,1
DA:20,1
DA:21,1
DA:26,1
DA:28,1
DA:29,2
DA:30,1
DA:31,1
DA:32,1
DA:33,1
DA:35,2
DA:36,1
DA:37,1
DA:40,2
DA:41,1
DA:42,1
DA:44,1
DA:45,1
DA:46,0
DA:47,0
DA:48,0
DA:51,1
DA:52,1
DA:55,2
DA:56,1
DA:57,2
LF:26
LH:23
end_of_record
SF:lib\featues\signin\presentation\widgets\login_state_listener.dart
DA:11,20
DA:13,1
DA:15,3
DA:16,1
DA:17,1
DA:18,1
DA:21,1
DA:23,1
DA:24,1
DA:27,1
DA:28,1
DA:29,2
LF:12
LH:12
end_of_record
SF:lib\featues\signin\presentation\widgets\remember_me_row.dart
DA:10,1
DA:17,1
DA:19,1
DA:20,1
DA:21,1
DA:22,1
DA:23,1
DA:27,1
DA:28,1
DA:30,1
DA:34,1
DA:35,1
DA:36,1
DA:37,1
DA:38,1
DA:40,1
LF:16
LH:16
end_of_record
SF:lib\featues\splash\data\data_sources\local\splash_local_data_source_impl.dart
DA:10,3
DA:12,3
DA:16,6
DA:18,6
DA:19,6
DA:21,9
LF:6
LH:6
end_of_record
SF:lib\featues\splash\data\providers\splash_data_providers.dart
DA:8,8
DA:11,6
DA:13,6
DA:14,2
DA:17,8
DA:18,6
DA:19,2
LF:7
LH:7
end_of_record
SF:lib\featues\splash\data\repository\splash_repository_implementation.dart
DA:8,3
DA:10,3
DA:12,6
LF:3
LH:3
end_of_record
SF:lib\featues\splash\domain\providers\splash_usecase_providers.dart
DA:5,11
DA:8,6
DA:9,2
LF:3
LH:3
end_of_record
SF:lib\featues\splash\presentation\providers\splash_notifier.dart
DA:8,3
DA:11,3
DA:12,12
DA:13,3
DA:14,6
DA:15,9
DA:19,9
DA:20,6
LF:8
LH:8
end_of_record
grep -E 'LF|LH' coverage/lcov.info | \
awk '
  $1=="LF" { total += $2 }
  $1=="LH" { covered += $2 }
  END {
    printf("Coverage: %.2f%%\n", (covered/total)*100)
  }
'
C:\Users\ASUS\Documents\flutter_tuto\remote\cleanArchRiverpod\pubspec.yaml